<?xml version="1.0" encoding="UTF-8"?>
<!-- Generated by org.testng.reporters.JUnitReportReporter -->
<testsuite hostname="LAPTOP-Q4N0C9TS" failures="0" tests="1" name="selenium1.test1.googledemo" time="2.683" errors="0" timestamp="17 Sep 2021 11:23:39 GMT" skipped="0">
  <testcase classname="selenium1.test1.googledemo" name="testJbkTitle" time="2.683"/>
</testsuite> <!-- selenium1.test1.googledemo -->
