<?xml version="1.0" encoding="UTF-8"?>
<!-- Generated by org.testng.reporters.JUnitReportReporter -->
<testsuite hostname="LAPTOP-Q4N0C9TS" failures="0" tests="5" name="selenium1.test1.amazondemo" time="10.884" errors="0" timestamp="17 Sep 2021 11:25:49 GMT" skipped="0">
  <testcase classname="selenium1.test1.amazondemo" name="testJbkTitle" time="2.516"/>
  <testcase classname="selenium1.test1.amazondemo" name="testJbkTitleInvalid" time="0.419"/>
  <testcase classname="selenium1.test1.amazondemo" name="testJbkTitlesubmit" time="1.724"/>
  <testcase classname="selenium1.test1.amazondemo" name="testJbkTitlescroll" time="6.037"/>
  <testcase classname="selenium1.test1.amazondemo" name="testJbkTitlecheck" time="0.188"/>
</testsuite> <!-- selenium1.test1.amazondemo -->
